C:\USERS\CHINONSO\DOCUMENTS\VISUAL STUDIO 2012\PROJECTS\TRIPDISTANCE2\TRIPDISTANCE2\DEBUG\SOURCE.OBJ
C:\USERS\CHINONSO\DOCUMENTS\VISUAL STUDIO 2012\PROJECTS\TRIPDISTANCE2\TRIPDISTANCE2\DEBUG\VC110.PDB
C:\USERS\CHINONSO\DOCUMENTS\VISUAL STUDIO 2012\PROJECTS\TRIPDISTANCE2\DEBUG\TRIPDISTANCE2.ILK
C:\USERS\CHINONSO\DOCUMENTS\VISUAL STUDIO 2012\PROJECTS\TRIPDISTANCE2\DEBUG\TRIPDISTANCE2.EXE
C:\USERS\CHINONSO\DOCUMENTS\VISUAL STUDIO 2012\PROJECTS\TRIPDISTANCE2\DEBUG\TRIPDISTANCE2.PDB
C:\USERS\CHINONSO\DOCUMENTS\VISUAL STUDIO 2012\PROJECTS\TRIPDISTANCE2\TRIPDISTANCE2\DEBUG\TRIPDISTANCE2.RES
C:\Users\chinonso\documents\visual studio 2012\Projects\TripDistance2\TripDistance2\Debug\Source.obj
C:\Users\chinonso\documents\visual studio 2012\Projects\TripDistance2\TripDistance2\Debug\cl.command.1.tlog
C:\Users\chinonso\documents\visual studio 2012\Projects\TripDistance2\TripDistance2\Debug\CL.read.1.tlog
C:\Users\chinonso\documents\visual studio 2012\Projects\TripDistance2\TripDistance2\Debug\CL.write.1.tlog
C:\Users\chinonso\documents\visual studio 2012\Projects\TripDistance2\TripDistance2\Debug\link-cvtres.read.1.tlog
C:\Users\chinonso\documents\visual studio 2012\Projects\TripDistance2\TripDistance2\Debug\link-cvtres.write.1.tlog
C:\Users\chinonso\documents\visual studio 2012\Projects\TripDistance2\TripDistance2\Debug\link-rc.read.1.tlog
C:\Users\chinonso\documents\visual studio 2012\Projects\TripDistance2\TripDistance2\Debug\link-rc.write.1.tlog
C:\Users\chinonso\documents\visual studio 2012\Projects\TripDistance2\TripDistance2\Debug\link.1928-cvtres.read.1.tlog
C:\Users\chinonso\documents\visual studio 2012\Projects\TripDistance2\TripDistance2\Debug\link.1928-cvtres.write.1.tlog
C:\Users\chinonso\documents\visual studio 2012\Projects\TripDistance2\TripDistance2\Debug\link.1928-rc.read.1.tlog
C:\Users\chinonso\documents\visual studio 2012\Projects\TripDistance2\TripDistance2\Debug\link.1928-rc.write.1.tlog
C:\Users\chinonso\documents\visual studio 2012\Projects\TripDistance2\TripDistance2\Debug\link.1928.read.1.tlog
C:\Users\chinonso\documents\visual studio 2012\Projects\TripDistance2\TripDistance2\Debug\link.1928.write.1.tlog
C:\Users\chinonso\documents\visual studio 2012\Projects\TripDistance2\TripDistance2\Debug\link.2716-cvtres.read.1.tlog
C:\Users\chinonso\documents\visual studio 2012\Projects\TripDistance2\TripDistance2\Debug\link.2716-cvtres.write.1.tlog
C:\Users\chinonso\documents\visual studio 2012\Projects\TripDistance2\TripDistance2\Debug\link.2716-rc.read.1.tlog
C:\Users\chinonso\documents\visual studio 2012\Projects\TripDistance2\TripDistance2\Debug\link.2716-rc.write.1.tlog
C:\Users\chinonso\documents\visual studio 2012\Projects\TripDistance2\TripDistance2\Debug\link.2716.read.1.tlog
C:\Users\chinonso\documents\visual studio 2012\Projects\TripDistance2\TripDistance2\Debug\link.2716.write.1.tlog
C:\Users\chinonso\documents\visual studio 2012\Projects\TripDistance2\TripDistance2\Debug\link.3104-cvtres.read.1.tlog
C:\Users\chinonso\documents\visual studio 2012\Projects\TripDistance2\TripDistance2\Debug\link.3104-cvtres.write.1.tlog
C:\Users\chinonso\documents\visual studio 2012\Projects\TripDistance2\TripDistance2\Debug\link.3104-rc.read.1.tlog
C:\Users\chinonso\documents\visual studio 2012\Projects\TripDistance2\TripDistance2\Debug\link.3104-rc.write.1.tlog
C:\Users\chinonso\documents\visual studio 2012\Projects\TripDistance2\TripDistance2\Debug\link.3104.read.1.tlog
C:\Users\chinonso\documents\visual studio 2012\Projects\TripDistance2\TripDistance2\Debug\link.3104.write.1.tlog
C:\Users\chinonso\documents\visual studio 2012\Projects\TripDistance2\TripDistance2\Debug\link.3352-cvtres.read.1.tlog
C:\Users\chinonso\documents\visual studio 2012\Projects\TripDistance2\TripDistance2\Debug\link.3352-cvtres.write.1.tlog
C:\Users\chinonso\documents\visual studio 2012\Projects\TripDistance2\TripDistance2\Debug\link.3352-rc.read.1.tlog
C:\Users\chinonso\documents\visual studio 2012\Projects\TripDistance2\TripDistance2\Debug\link.3352-rc.write.1.tlog
C:\Users\chinonso\documents\visual studio 2012\Projects\TripDistance2\TripDistance2\Debug\link.3352.read.1.tlog
C:\Users\chinonso\documents\visual studio 2012\Projects\TripDistance2\TripDistance2\Debug\link.3352.write.1.tlog
C:\Users\chinonso\documents\visual studio 2012\Projects\TripDistance2\TripDistance2\Debug\link.4488-cvtres.read.1.tlog
C:\Users\chinonso\documents\visual studio 2012\Projects\TripDistance2\TripDistance2\Debug\link.4488-cvtres.write.1.tlog
C:\Users\chinonso\documents\visual studio 2012\Projects\TripDistance2\TripDistance2\Debug\link.4488-rc.read.1.tlog
C:\Users\chinonso\documents\visual studio 2012\Projects\TripDistance2\TripDistance2\Debug\link.4488-rc.write.1.tlog
C:\Users\chinonso\documents\visual studio 2012\Projects\TripDistance2\TripDistance2\Debug\link.4488.read.1.tlog
C:\Users\chinonso\documents\visual studio 2012\Projects\TripDistance2\TripDistance2\Debug\link.4488.write.1.tlog
C:\Users\chinonso\documents\visual studio 2012\Projects\TripDistance2\TripDistance2\Debug\link.5176-cvtres.read.1.tlog
C:\Users\chinonso\documents\visual studio 2012\Projects\TripDistance2\TripDistance2\Debug\link.5176-cvtres.write.1.tlog
C:\Users\chinonso\documents\visual studio 2012\Projects\TripDistance2\TripDistance2\Debug\link.5176-rc.read.1.tlog
C:\Users\chinonso\documents\visual studio 2012\Projects\TripDistance2\TripDistance2\Debug\link.5176-rc.write.1.tlog
C:\Users\chinonso\documents\visual studio 2012\Projects\TripDistance2\TripDistance2\Debug\link.5176.read.1.tlog
C:\Users\chinonso\documents\visual studio 2012\Projects\TripDistance2\TripDistance2\Debug\link.5176.write.1.tlog
C:\Users\chinonso\documents\visual studio 2012\Projects\TripDistance2\TripDistance2\Debug\link.5216-cvtres.read.1.tlog
C:\Users\chinonso\documents\visual studio 2012\Projects\TripDistance2\TripDistance2\Debug\link.5216-cvtres.write.1.tlog
C:\Users\chinonso\documents\visual studio 2012\Projects\TripDistance2\TripDistance2\Debug\link.5216-rc.read.1.tlog
C:\Users\chinonso\documents\visual studio 2012\Projects\TripDistance2\TripDistance2\Debug\link.5216-rc.write.1.tlog
C:\Users\chinonso\documents\visual studio 2012\Projects\TripDistance2\TripDistance2\Debug\link.5216.read.1.tlog
C:\Users\chinonso\documents\visual studio 2012\Projects\TripDistance2\TripDistance2\Debug\link.5216.write.1.tlog
C:\Users\chinonso\documents\visual studio 2012\Projects\TripDistance2\TripDistance2\Debug\link.5672-cvtres.read.1.tlog
C:\Users\chinonso\documents\visual studio 2012\Projects\TripDistance2\TripDistance2\Debug\link.5672-cvtres.write.1.tlog
C:\Users\chinonso\documents\visual studio 2012\Projects\TripDistance2\TripDistance2\Debug\link.5672-rc.read.1.tlog
C:\Users\chinonso\documents\visual studio 2012\Projects\TripDistance2\TripDistance2\Debug\link.5672-rc.write.1.tlog
C:\Users\chinonso\documents\visual studio 2012\Projects\TripDistance2\TripDistance2\Debug\link.5672.read.1.tlog
C:\Users\chinonso\documents\visual studio 2012\Projects\TripDistance2\TripDistance2\Debug\link.5672.write.1.tlog
C:\Users\chinonso\documents\visual studio 2012\Projects\TripDistance2\TripDistance2\Debug\link.5748-cvtres.read.1.tlog
C:\Users\chinonso\documents\visual studio 2012\Projects\TripDistance2\TripDistance2\Debug\link.5748-cvtres.write.1.tlog
C:\Users\chinonso\documents\visual studio 2012\Projects\TripDistance2\TripDistance2\Debug\link.5748-rc.read.1.tlog
C:\Users\chinonso\documents\visual studio 2012\Projects\TripDistance2\TripDistance2\Debug\link.5748-rc.write.1.tlog
C:\Users\chinonso\documents\visual studio 2012\Projects\TripDistance2\TripDistance2\Debug\link.5748.read.1.tlog
C:\Users\chinonso\documents\visual studio 2012\Projects\TripDistance2\TripDistance2\Debug\link.5748.write.1.tlog
C:\Users\chinonso\documents\visual studio 2012\Projects\TripDistance2\TripDistance2\Debug\link.6072-cvtres.read.1.tlog
C:\Users\chinonso\documents\visual studio 2012\Projects\TripDistance2\TripDistance2\Debug\link.6072-cvtres.write.1.tlog
C:\Users\chinonso\documents\visual studio 2012\Projects\TripDistance2\TripDistance2\Debug\link.6072-rc.read.1.tlog
C:\Users\chinonso\documents\visual studio 2012\Projects\TripDistance2\TripDistance2\Debug\link.6072-rc.write.1.tlog
C:\Users\chinonso\documents\visual studio 2012\Projects\TripDistance2\TripDistance2\Debug\link.6072.read.1.tlog
C:\Users\chinonso\documents\visual studio 2012\Projects\TripDistance2\TripDistance2\Debug\link.6072.write.1.tlog
C:\Users\chinonso\documents\visual studio 2012\Projects\TripDistance2\TripDistance2\Debug\link.command.1.tlog
C:\Users\chinonso\documents\visual studio 2012\Projects\TripDistance2\TripDistance2\Debug\link.read.1.tlog
C:\Users\chinonso\documents\visual studio 2012\Projects\TripDistance2\TripDistance2\Debug\link.write.1.tlog
C:\Users\chinonso\documents\visual studio 2012\Projects\TripDistance2\TripDistance2\Debug\rc.command.1.tlog
C:\Users\chinonso\documents\visual studio 2012\Projects\TripDistance2\TripDistance2\Debug\rc.read.1.tlog
C:\Users\chinonso\documents\visual studio 2012\Projects\TripDistance2\TripDistance2\Debug\rc.write.1.tlog
C:\Users\chinonso\documents\visual studio 2012\Projects\TripDistance2\TripDistance2\Debug\TripDistance2.res
C:\Users\chinonso\documents\visual studio 2012\Projects\TripDistance2\TripDistance2\Debug\vc110.idb
C:\Users\chinonso\documents\visual studio 2012\Projects\TripDistance2\TripDistance2\Debug\vc110.pdb
C:\Users\chinonso\documents\visual studio 2012\Projects\TripDistance2\Debug\TripDistance2.pdb
C:\Users\chinonso\documents\visual studio 2012\Projects\TripDistance2\Debug\TripDistance2.exe
C:\Users\chinonso\documents\visual studio 2012\Projects\TripDistance2\Debug\TripDistance2.ilk
